[debug] [2023-09-27T13:40:54.932Z] ----------------------------------------------------------------------
[debug] [2023-09-27T13:40:54.935Z] Command:       C:\Program Files\nodejs\node.exe C:\Users\Gibsons\AppData\Roaming\npm\node_modules\firebase-tools\lib\bin\firebase.js init functions
[debug] [2023-09-27T13:40:54.935Z] CLI Version:   12.6.0
[debug] [2023-09-27T13:40:54.935Z] Platform:      win32
[debug] [2023-09-27T13:40:54.936Z] Node Version:  v20.6.1
[debug] [2023-09-27T13:40:54.936Z] Time:          Wed Sep 27 2023 16:40:54 GMT+0300 (East Africa Time)
[debug] [2023-09-27T13:40:54.936Z] ----------------------------------------------------------------------
[debug] 
[debug] [2023-09-27T13:40:54.943Z] > command requires scopes: ["email","openid","https://www.googleapis.com/auth/cloudplatformprojects.readonly","https://www.googleapis.com/auth/firebase","https://www.googleapis.com/auth/cloud-platform"]
[debug] [2023-09-27T13:40:54.944Z] > authorizing via signed-in user (gibsonsgibson88@gmail.com)
[info] 
     ######## #### ########  ######## ########     ###     ######  ########
     ##        ##  ##     ## ##       ##     ##  ##   ##  ##       ##
     ######    ##  ########  ######   ########  #########  ######  ######
     ##        ##  ##    ##  ##       ##     ## ##     ##       ## ##
     ##       #### ##     ## ######## ########  ##     ##  ######  ########

You're about to initialize a Firebase project in this directory:

  C:\Users\Gibsons\Documents\GitHub\mpesa-api\callbackUrl

[info] 
=== Project Setup
[info] 
[info] First, let's associate this project directory with a Firebase project.
[info] You can create multiple project aliases by running firebase use --add, 
[info] but for now we'll just set up a default project.
[info] 
[debug] [2023-09-27T13:41:01.045Z] >>> [apiv2][query] GET https://firebase.googleapis.com/v1beta1/projects pageSize=100
[debug] [2023-09-27T13:41:02.000Z] <<< [apiv2][status] GET https://firebase.googleapis.com/v1beta1/projects 200
[debug] [2023-09-27T13:41:02.000Z] <<< [apiv2][body] GET https://firebase.googleapis.com/v1beta1/projects [omitted]
[info] i  Using project callbackurl-cf213 (callbackurl) 
[info] 
=== Functions Setup
[debug] [2023-09-27T13:41:05.366Z] > command requires scopes: ["email","openid","https://www.googleapis.com/auth/cloudplatformprojects.readonly","https://www.googleapis.com/auth/firebase","https://www.googleapis.com/auth/cloud-platform"]
[debug] [2023-09-27T13:41:05.367Z] > authorizing via signed-in user (gibsonsgibson88@gmail.com)
[debug] [2023-09-27T13:41:05.367Z] [iam] checking project callbackurl-cf213 for permissions ["firebase.projects.get"]
[debug] [2023-09-27T13:41:05.368Z] >>> [apiv2][query] POST https://cloudresourcemanager.googleapis.com/v1/projects/callbackurl-cf213:testIamPermissions [none]
[debug] [2023-09-27T13:41:05.368Z] >>> [apiv2][(partial)header] POST https://cloudresourcemanager.googleapis.com/v1/projects/callbackurl-cf213:testIamPermissions x-goog-quota-user=projects/callbackurl-cf213
[debug] [2023-09-27T13:41:05.368Z] >>> [apiv2][body] POST https://cloudresourcemanager.googleapis.com/v1/projects/callbackurl-cf213:testIamPermissions {"permissions":["firebase.projects.get"]}
[debug] [2023-09-27T13:41:06.847Z] <<< [apiv2][status] POST https://cloudresourcemanager.googleapis.com/v1/projects/callbackurl-cf213:testIamPermissions 200
[debug] [2023-09-27T13:41:06.848Z] <<< [apiv2][body] POST https://cloudresourcemanager.googleapis.com/v1/projects/callbackurl-cf213:testIamPermissions {"permissions":["firebase.projects.get"]}
[debug] [2023-09-27T13:41:06.848Z] >>> [apiv2][query] GET https://serviceusage.googleapis.com/v1/projects/callbackurl-cf213/services/cloudfunctions.googleapis.com [none]
[debug] [2023-09-27T13:41:06.848Z] >>> [apiv2][(partial)header] GET https://serviceusage.googleapis.com/v1/projects/callbackurl-cf213/services/cloudfunctions.googleapis.com x-goog-quota-user=projects/callbackurl-cf213
[debug] [2023-09-27T13:41:06.850Z] >>> [apiv2][query] GET https://serviceusage.googleapis.com/v1/projects/callbackurl-cf213/services/runtimeconfig.googleapis.com [none]
[debug] [2023-09-27T13:41:06.850Z] >>> [apiv2][(partial)header] GET https://serviceusage.googleapis.com/v1/projects/callbackurl-cf213/services/runtimeconfig.googleapis.com x-goog-quota-user=projects/callbackurl-cf213
[debug] [2023-09-27T13:41:08.648Z] <<< [apiv2][status] GET https://serviceusage.googleapis.com/v1/projects/callbackurl-cf213/services/runtimeconfig.googleapis.com 200
[debug] [2023-09-27T13:41:08.648Z] <<< [apiv2][body] GET https://serviceusage.googleapis.com/v1/projects/callbackurl-cf213/services/runtimeconfig.googleapis.com [omitted]
[debug] [2023-09-27T13:41:08.649Z] <<< [apiv2][status] GET https://serviceusage.googleapis.com/v1/projects/callbackurl-cf213/services/cloudfunctions.googleapis.com 200
[debug] [2023-09-27T13:41:08.649Z] <<< [apiv2][body] GET https://serviceusage.googleapis.com/v1/projects/callbackurl-cf213/services/cloudfunctions.googleapis.com [omitted]
[debug] [2023-09-27T13:41:08.650Z] >>> [apiv2][query] POST https://serviceusage.googleapis.com/v1/projects/callbackurl-cf213/services/cloudfunctions.googleapis.com:enable [none]
[debug] [2023-09-27T13:41:08.650Z] >>> [apiv2][(partial)header] POST https://serviceusage.googleapis.com/v1/projects/callbackurl-cf213/services/cloudfunctions.googleapis.com:enable x-goog-quota-user=projects/callbackurl-cf213
[debug] [2023-09-27T13:41:11.034Z] <<< [apiv2][status] POST https://serviceusage.googleapis.com/v1/projects/callbackurl-cf213/services/cloudfunctions.googleapis.com:enable 200
[debug] [2023-09-27T13:41:11.035Z] <<< [apiv2][body] POST https://serviceusage.googleapis.com/v1/projects/callbackurl-cf213/services/cloudfunctions.googleapis.com:enable [omitted]
[debug] [2023-09-27T13:41:21.049Z] >>> [apiv2][query] GET https://serviceusage.googleapis.com/v1/projects/callbackurl-cf213/services/cloudfunctions.googleapis.com [none]
[debug] [2023-09-27T13:41:21.050Z] >>> [apiv2][(partial)header] GET https://serviceusage.googleapis.com/v1/projects/callbackurl-cf213/services/cloudfunctions.googleapis.com x-goog-quota-user=projects/callbackurl-cf213
[debug] [2023-09-27T13:41:22.705Z] <<< [apiv2][status] GET https://serviceusage.googleapis.com/v1/projects/callbackurl-cf213/services/cloudfunctions.googleapis.com 200
[debug] [2023-09-27T13:41:22.705Z] <<< [apiv2][body] GET https://serviceusage.googleapis.com/v1/projects/callbackurl-cf213/services/cloudfunctions.googleapis.com [omitted]
[info] Let's create a new codebase for your functions.
[info] A directory corresponding to the codebase will be created in your project
[info] with sample code pre-configured.

[info] See https://firebase.google.com/docs/functions/organize-functions for
[info] more information on organizing your functions using codebases.

[info] Functions can be deployed with firebase deploy.

[info] +  Wrote functions/package.json 
[info] +  Wrote functions/tsconfig.json 
[info] +  Wrote functions/src/index.ts 
[info] +  Wrote functions/.gitignore 
